[2025-12-26T09:54:38.093+0000] {manager.py:469} INFO - Processing files using up to 2 processes at a time 
[2025-12-26T09:54:38.094+0000] {manager.py:470} INFO - Process each file at most once every 30 seconds
[2025-12-26T09:54:38.094+0000] {manager.py:471} INFO - Checking for new files in /opt/airflow/dags every 300 seconds
[2025-12-26T09:54:38.095+0000] {manager.py:738} INFO - Searching for files in /opt/airflow/dags
[2025-12-26T09:54:38.096+0000] {manager.py:741} INFO - There are 1 files in /opt/airflow/dags
[2025-12-26T09:54:38.210+0000] {manager.py:879} INFO - 
================================================================================
DAG File Processing Stats

File Path                                PID  Runtime      # DAGs    # Errors  Last Runtime    Last Run
-------------------------------------  -----  ---------  --------  ----------  --------------  ----------
/opt/airflow/dags/bigdata_pipeline.py    162  0.06s             0           0
================================================================================
[2025-12-26T09:55:08.322+0000] {manager.py:879} INFO - 
================================================================================
DAG File Processing Stats

File Path                              PID    Runtime      # DAGs    # Errors  Last Runtime    Last Run
-------------------------------------  -----  ---------  --------  ----------  --------------  -------------------
/opt/airflow/dags/bigdata_pipeline.py                           1           0  0.49s           2025-12-26T09:54:38
================================================================================
[2025-12-26T09:55:38.864+0000] {manager.py:879} INFO - 
================================================================================
DAG File Processing Stats

File Path                                PID  Runtime      # DAGs    # Errors  Last Runtime    Last Run
-------------------------------------  -----  ---------  --------  ----------  --------------  -------------------
/opt/airflow/dags/bigdata_pipeline.py    172  0.00s             1           0  0.10s           2025-12-26T09:55:08
================================================================================
[2025-12-26T09:56:09.065+0000] {manager.py:879} INFO - 
================================================================================
DAG File Processing Stats

File Path                                PID  Runtime      # DAGs    # Errors  Last Runtime    Last Run
-------------------------------------  -----  ---------  --------  ----------  --------------  -------------------
/opt/airflow/dags/bigdata_pipeline.py    197  0.00s             1           0  0.09s           2025-12-26T09:55:38
================================================================================
[2025-12-26T09:56:39.190+0000] {manager.py:879} INFO - 
================================================================================
DAG File Processing Stats

File Path                                PID  Runtime      # DAGs    # Errors  Last Runtime    Last Run
-------------------------------------  -----  ---------  --------  ----------  --------------  -------------------
/opt/airflow/dags/bigdata_pipeline.py    202  0.00s             1           0  0.09s           2025-12-26T09:56:09
================================================================================
[2025-12-26T09:57:09.344+0000] {manager.py:879} INFO - 
================================================================================
DAG File Processing Stats

File Path                                PID  Runtime      # DAGs    # Errors  Last Runtime    Last Run
-------------------------------------  -----  ---------  --------  ----------  --------------  -------------------
/opt/airflow/dags/bigdata_pipeline.py    207  0.01s             1           0  0.09s           2025-12-26T09:56:39
================================================================================
[2025-12-26T09:57:39.468+0000] {manager.py:879} INFO - 
================================================================================
DAG File Processing Stats

File Path                                PID  Runtime      # DAGs    # Errors  Last Runtime    Last Run
-------------------------------------  -----  ---------  --------  ----------  --------------  -------------------
/opt/airflow/dags/bigdata_pipeline.py    212  0.01s             1           0  0.11s           2025-12-26T09:57:09
================================================================================
